\BOOKMARK [1][-]{section.1}{Basic elements of GDC MAQL}{}% 1
\BOOKMARK [2][-]{subsection.1.1}{Supported Data Types}{section.1}% 2
\BOOKMARK [2][-]{subsection.1.2}{Data Types used the GoodData Platform}{section.1}% 3
\BOOKMARK [2][-]{subsection.1.3}{GDC Objects}{section.1}% 4
\BOOKMARK [3][-]{subsubsection.1.3.1}{Identifiers}{subsection.1.3}% 5
\BOOKMARK [3][-]{subsubsection.1.3.2}{LDM Objects}{subsection.1.3}% 6
\BOOKMARK [3][-]{subsubsection.1.3.3}{PDM Mapping}{subsection.1.3}% 7
\BOOKMARK [1][-]{section.2}{Operators}{}% 8
\BOOKMARK [1][-]{section.3}{Functions and macros}{}% 9
\BOOKMARK [2][-]{subsection.3.1}{Functions FOR Previous, FOR PreviousPeriod}{section.3}% 10
\BOOKMARK [3][-]{subsubsection.3.1.1}{FOR Next\(\) and FOR NextPeriod\(\)}{subsection.3.1}% 11
\BOOKMARK [2][-]{subsection.3.2}{Time macros This, Previous}{section.3}% 12
\BOOKMARK [1][-]{section.4}{Expressions}{}% 13
\BOOKMARK [2][-]{subsection.4.1}{Logical expressions}{section.4}% 14
\BOOKMARK [1][-]{section.5}{Common MAQL DDL Clauses}{}% 15
\BOOKMARK [2][-]{subsection.5.1}{Create statement}{section.5}% 16
\BOOKMARK [3][-]{subsubsection.5.1.1}{Create attributes}{subsection.5.1}% 17
\BOOKMARK [3][-]{subsubsection.5.1.2}{Create dataset}{subsection.5.1}% 18
\BOOKMARK [3][-]{subsubsection.5.1.3}{Create facts}{subsection.5.1}% 19
\BOOKMARK [3][-]{subsubsection.5.1.4}{Create folder}{subsection.5.1}% 20
\BOOKMARK [3][-]{subsubsection.5.1.5}{Create metric}{subsection.5.1}% 21
\BOOKMARK [2][-]{subsection.5.2}{Alter statement}{section.5}% 22
\BOOKMARK [3][-]{subsubsection.5.2.1}{Alter attribute}{subsection.5.2}% 23
\BOOKMARK [3][-]{subsubsection.5.2.2}{Alter dataset}{subsection.5.2}% 24
\BOOKMARK [3][-]{subsubsection.5.2.3}{Alter datatype}{subsection.5.2}% 25
\BOOKMARK [3][-]{subsubsection.5.2.4}{Alter fact}{subsection.5.2}% 26
\BOOKMARK [3][-]{subsubsection.5.2.5}{Alter folder}{subsection.5.2}% 27
\BOOKMARK [2][-]{subsection.5.3}{Drop statement}{section.5}% 28
\BOOKMARK [3][-]{subsubsection.5.3.1}{DROP}{subsection.5.3}% 29
\BOOKMARK [3][-]{subsubsection.5.3.2}{DROP ALL IN}{subsection.5.3}% 30
\BOOKMARK [2][-]{subsection.5.4}{Common example on MAQL DDL}{section.5}% 31
\BOOKMARK [1][-]{section.6}{Common MAQL DML Clauses}{}% 32
\BOOKMARK [1][-]{section.7}{MAQL Queries and subqueries \(Metrics\)}{}% 33
\BOOKMARK [2][-]{subsection.7.1}{Metrics}{section.7}% 34
\BOOKMARK [2][-]{subsection.7.2}{Aggregation}{section.7}% 35
\BOOKMARK [3][-]{subsubsection.7.2.1}{COUNT}{subsection.7.2}% 36
\BOOKMARK [2][-]{subsection.7.3}{Simple Arithmetic}{section.7}% 37
\BOOKMARK [2][-]{subsection.7.4}{Filters}{section.7}% 38
\BOOKMARK [3][-]{subsubsection.7.4.1}{Conditional filtering}{subsection.7.4}% 39
\BOOKMARK [2][-]{subsection.7.5}{BY Clause}{section.7}% 40
\BOOKMARK [3][-]{subsubsection.7.5.1}{BY ALL Clause}{subsection.7.5}% 41
\BOOKMARK [3][-]{subsubsection.7.5.2}{BY project\137attribute ALL IN ALL OTHER DIMENSIONS}{subsection.7.5}% 42
\BOOKMARK [3][-]{subsubsection.7.5.3}{BY ALL IN ALL OTHER DIMENSIONS}{subsection.7.5}% 43
\BOOKMARK [3][-]{subsubsection.7.5.4}{WITHOUT PARENT FILTER}{subsection.7.5}% 44
